<?xml version="1.0" encoding="UTF-8"?>
<!-- Generated by org.testng.reporters.JUnitReportReporter -->
<testsuite hostname="BheemSena" failures="0" tests="2" name="NinjaOpencart.NinjaPRoject.TextngListners" time="24.702" errors="0" timestamp="2023-11-02T19:56:20 IST" skipped="0">
  <testcase classname="NinjaOpencart.NinjaPRoject.TextngListners" name="CheckLoginWithValidData" time="21.886"/>
  <testcase classname="NinjaOpencart.NinjaPRoject.TextngListners" name="OpencartQuickSearch" time="2.816"/>
</testsuite> <!-- NinjaOpencart.NinjaPRoject.TextngListners -->
