<?xml version="1.0" encoding="UTF-8"?>
<!-- Generated by org.testng.reporters.JUnitReportReporter -->
<testsuite hostname="BheemSena" failures="0" tests="3" name="NinjaOpencart.NinjaPRoject.DataProvider" time="37.460" errors="0" timestamp="2023-11-03T00:55:10 IST" skipped="0">
  <testcase classname="NinjaOpencart.NinjaPRoject.DataProvider" name="CheckLoginPage" time="12.133"/>
  <testcase classname="NinjaOpencart.NinjaPRoject.DataProvider" name="CheckLoginPage" time="13.041"/>
  <testcase classname="NinjaOpencart.NinjaPRoject.DataProvider" name="CheckLoginPage" time="12.286"/>
</testsuite> <!-- NinjaOpencart.NinjaPRoject.DataProvider -->
