<?xml version="1.0" encoding="UTF-8"?>
<!-- Generated by org.testng.reporters.JUnitReportReporter -->
<testsuite hostname="BheemSena" failures="0" tests="1" name="NinjaOpencart.NinjaPRoject.FullProjectninja" time="68.496" errors="0" timestamp="2023-11-08T16:37:38 IST" skipped="0">
  <testcase classname="NinjaOpencart.NinjaPRoject.FullProjectninja" name="OpenBrowser" time="68.496"/>
</testsuite> <!-- NinjaOpencart.NinjaPRoject.FullProjectninja -->
