<?xml version="1.0" encoding="UTF-8"?>
<!-- Generated by org.testng.reporters.JUnitReportReporter -->
<testsuite hostname="BheemSena" failures="0" tests="2" name="NinjaOpencart.NinjaPRoject.Login" time="24.839" errors="0" timestamp="2023-11-09T00:40:26 IST" skipped="0">
  <testcase classname="NinjaOpencart.NinjaPRoject.Login" name="CheckLoginWithValidData" time="21.037"/>
  <testcase classname="NinjaOpencart.NinjaPRoject.Login" name="OpencartQuickSearch" time="3.802"/>
</testsuite> <!-- NinjaOpencart.NinjaPRoject.Login -->
